New mind
New mind
New mind
New AI for Urist
New mind
New AI for Kek
New mind
New AI for Kek
New mind
Kek's seeker AI decides to go left
Kek's seeker AI decides to go left
Kek's seeker AI decides to go left
Kek's seeker AI decides to go left
Kek's seeker AI decides to go left
Kek's seeker AI decides to go left
Kek's seeker AI decides to go left
Kek's seeker AI decides to go left
Kek's seeker AI decides to go left
Kek's seeker AI decides to go left
Kek's seeker AI decides to go left
Kek's seeker AI decides to go left
Kek's seeker AI decides to go up
Kek's seeker AI decides to go up
Kek's seeker AI decides to go up
Kek's seeker AI decides to go up
Kek's seeker AI decides to go up
Kek's seeker AI decides to go up
Kek's seeker AI decides to go up
Kek's seeker AI decides to go up
