[('red', (866, 0, 0)), ('green', (0, 690, 250)), ('blue', (0, 0, 866)), ('white', (721, 721, 721)), ('black', (0, 0, 0)), ('yellow', (866, 866, 0)), ('brown', (666, 466, 0)), ('light_gray', (501, 501, 501)), ('gray', (250, 250, 250)), ('dark_gray', (125, 125, 125))]
{'light_gray': 23, 'white': 19, 'brown': 22, 'yellow': 21, 'red': 16, 'green': 17, 'dark_gray': 25, 'black': 20, 'blue': 18, 'gray': 24}
Warning: reset method not implemented for <class 'graphics.LabelElement'>
new
True None
False None
False None
False None
False None
new
True None
False None
False None
False None
False None
new
True None
False None
False None
False None
False None
new
True None
False None
False None
False None
False None
new
True None
False None
False None
False None
False None
new
True None
False None
False None
False None
False None
Warning: reset method not implemented for <class 'graphics.LabelElement'>
Warning: reset method not implemented for <class 'graphics.LabelElement'>
Warning: reset method not implemented for <class 'graphics.LabelElement'>
new
False None
False None
True None
False None
False None
Warning: reset method not implemented for <class 'graphics.LabelElement'>
new
True None
False None
False None
False None
False None
